2021-01-10 23:22:07.034 INFO  com.patrick.SneakerKillerWebApplication Line:55  - Starting SneakerKillerWebApplication using Java 14.0.2 on zhoujiandeMacBook-Pro.local with PID 3814 (/Users/patrick/Desktop/project/idea/sneaker-killer/sneaker-killer-web/target/classes started by patrick in /Users/patrick/Desktop/project/idea/sneaker-killer)
2021-01-10 23:22:07.039 INFO  com.patrick.SneakerKillerWebApplication Line:660 - No active profile set, falling back to default profiles: default
2021-01-10 23:22:08.023 INFO  org.springframework.data.repository.config.RepositoryConfigurationDelegate Line:250 - Multiple Spring Data modules found, entering strict repository configuration mode!
2021-01-10 23:22:08.027 INFO  org.springframework.data.repository.config.RepositoryConfigurationDelegate Line:128 - Bootstrapping Spring Data Redis repositories in DEFAULT mode.
2021-01-10 23:22:08.065 INFO  org.springframework.data.repository.config.RepositoryConfigurationDelegate Line:188 - Finished Spring Data repository scanning in 22 ms. Found 0 Redis repository interfaces.
2021-01-10 23:22:08.309 INFO  org.springframework.context.support.PostProcessorRegistrationDelegate$BeanPostProcessorChecker Line:350 - Bean 'shiroConfig' of type [com.patrick.sneakerkillerservice.shiro.ShiroConfig$$EnhancerBySpringCGLIB$$d2ae130d] is not eligible for getting processed by all BeanPostProcessors (for example: not eligible for auto-proxying)
2021-01-10 23:22:08.348 INFO  org.springframework.context.support.PostProcessorRegistrationDelegate$BeanPostProcessorChecker Line:350 - Bean 'propertiesConfig' of type [com.patrick.sneakerkillerservice.config.PropertiesConfig] is not eligible for getting processed by all BeanPostProcessors (for example: not eligible for auto-proxying)
2021-01-10 23:22:08.366 INFO  org.springframework.context.support.PostProcessorRegistrationDelegate$BeanPostProcessorChecker Line:350 - Bean 'mybatis-org.mybatis.spring.boot.autoconfigure.MybatisProperties' of type [org.mybatis.spring.boot.autoconfigure.MybatisProperties] is not eligible for getting processed by all BeanPostProcessors (for example: not eligible for auto-proxying)
2021-01-10 23:22:08.371 INFO  org.springframework.context.support.PostProcessorRegistrationDelegate$BeanPostProcessorChecker Line:350 - Bean 'org.mybatis.spring.boot.autoconfigure.MybatisAutoConfiguration' of type [org.mybatis.spring.boot.autoconfigure.MybatisAutoConfiguration$$EnhancerBySpringCGLIB$$dca1922e] is not eligible for getting processed by all BeanPostProcessors (for example: not eligible for auto-proxying)
2021-01-10 23:22:08.372 INFO  org.springframework.context.support.PostProcessorRegistrationDelegate$BeanPostProcessorChecker Line:350 - Bean 'org.springframework.boot.autoconfigure.jdbc.DataSourceConfiguration$Hikari' of type [org.springframework.boot.autoconfigure.jdbc.DataSourceConfiguration$Hikari] is not eligible for getting processed by all BeanPostProcessors (for example: not eligible for auto-proxying)
2021-01-10 23:22:08.379 INFO  org.springframework.context.support.PostProcessorRegistrationDelegate$BeanPostProcessorChecker Line:350 - Bean 'spring.datasource-org.springframework.boot.autoconfigure.jdbc.DataSourceProperties' of type [org.springframework.boot.autoconfigure.jdbc.DataSourceProperties] is not eligible for getting processed by all BeanPostProcessors (for example: not eligible for auto-proxying)
2021-01-10 23:22:08.399 INFO  org.springframework.context.support.PostProcessorRegistrationDelegate$BeanPostProcessorChecker Line:350 - Bean 'dataSource' of type [com.zaxxer.hikari.HikariDataSource] is not eligible for getting processed by all BeanPostProcessors (for example: not eligible for auto-proxying)
2021-01-10 23:22:08.564 INFO  org.springframework.context.support.PostProcessorRegistrationDelegate$BeanPostProcessorChecker Line:350 - Bean 'sqlSessionFactory' of type [org.apache.ibatis.session.defaults.DefaultSqlSessionFactory] is not eligible for getting processed by all BeanPostProcessors (for example: not eligible for auto-proxying)
2021-01-10 23:22:08.568 INFO  org.springframework.context.support.PostProcessorRegistrationDelegate$BeanPostProcessorChecker Line:350 - Bean 'sqlSessionTemplate' of type [org.mybatis.spring.SqlSessionTemplate] is not eligible for getting processed by all BeanPostProcessors (for example: not eligible for auto-proxying)
2021-01-10 23:22:08.569 INFO  org.springframework.context.support.PostProcessorRegistrationDelegate$BeanPostProcessorChecker Line:350 - Bean 'userMapper' of type [org.mybatis.spring.mapper.MapperFactoryBean] is not eligible for getting processed by all BeanPostProcessors (for example: not eligible for auto-proxying)
2021-01-10 23:22:08.571 INFO  org.springframework.context.support.PostProcessorRegistrationDelegate$BeanPostProcessorChecker Line:350 - Bean 'userMapper' of type [com.sun.proxy.$Proxy63] is not eligible for getting processed by all BeanPostProcessors (for example: not eligible for auto-proxying)
2021-01-10 23:22:08.572 INFO  org.springframework.context.support.PostProcessorRegistrationDelegate$BeanPostProcessorChecker Line:350 - Bean 'userService' of type [com.patrick.sneakerkillerservice.service.UserService] is not eligible for getting processed by all BeanPostProcessors (for example: not eligible for auto-proxying)
2021-01-10 23:22:08.575 INFO  org.springframework.context.support.PostProcessorRegistrationDelegate$BeanPostProcessorChecker Line:350 - Bean 'shiroRealm' of type [com.patrick.sneakerkillerservice.shiro.ShiroRealm$$EnhancerBySpringCGLIB$$2644f3aa] is not eligible for getting processed by all BeanPostProcessors (for example: not eligible for auto-proxying)
2021-01-10 23:22:08.627 INFO  org.springframework.context.support.PostProcessorRegistrationDelegate$BeanPostProcessorChecker Line:350 - Bean 'securityManager' of type [org.apache.shiro.web.mgt.DefaultWebSecurityManager] is not eligible for getting processed by all BeanPostProcessors (for example: not eligible for auto-proxying)
2021-01-10 23:22:08.656 INFO  org.springframework.context.support.PostProcessorRegistrationDelegate$BeanPostProcessorChecker Line:350 - Bean 'authorizationAttributeSourceAdvisor' of type [org.apache.shiro.spring.security.interceptor.AuthorizationAttributeSourceAdvisor] is not eligible for getting processed by all BeanPostProcessors (for example: not eligible for auto-proxying)
2021-01-10 23:22:08.963 INFO  org.springframework.boot.web.embedded.tomcat.TomcatWebServer Line:108 - Tomcat initialized with port(s): 8443 (http)
2021-01-10 23:22:08.973 INFO  org.apache.catalina.core.StandardService Line:173 - Starting service [Tomcat]
2021-01-10 23:22:08.973 INFO  org.apache.catalina.core.StandardEngine Line:173 - Starting Servlet engine: [Apache Tomcat/9.0.41]
2021-01-10 23:22:09.053 INFO  org.apache.catalina.core.ContainerBase.[Tomcat].[localhost].[/] Line:173 - Initializing Spring embedded WebApplicationContext
2021-01-10 23:22:09.054 INFO  org.springframework.boot.web.servlet.context.ServletWebServerApplicationContext Line:289 - Root WebApplicationContext: initialization completed in 1970 ms
2021-01-10 23:22:09.525 INFO  org.redisson.Version Line:41  - Redisson 3.11.4
2021-01-10 23:22:09.904 INFO  org.redisson.connection.pool.MasterConnectionPool Line:168 - 24 connections initialized for 101.200.209.136/101.200.209.136:6379
2021-01-10 23:22:09.903 INFO  org.redisson.connection.pool.MasterPubSubConnectionPool Line:168 - 1 connections initialized for 101.200.209.136/101.200.209.136:6379
2021-01-10 23:22:10.248 INFO  org.springframework.scheduling.concurrent.ThreadPoolTaskExecutor Line:181 - Initializing ExecutorService 'applicationTaskExecutor'
2021-01-10 23:22:10.787 INFO  org.springframework.boot.actuate.endpoint.web.EndpointLinksResolver Line:58  - Exposing 2 endpoint(s) beneath base path '/actuator'
2021-01-10 23:22:10.896 INFO  org.springframework.boot.web.embedded.tomcat.TomcatWebServer Line:220 - Tomcat started on port(s): 8443 (http) with context path ''
2021-01-10 23:22:10.898 INFO  org.springframework.amqp.rabbit.connection.CachingConnectionFactory Line:636 - Attempting to connect to: [101.200.209.136:5672]
2021-01-10 23:22:11.091 INFO  org.springframework.amqp.rabbit.connection.CachingConnectionFactory Line:589 - Created new connection: rabbitConnectionFactory#6c8f4bc7:0/SimpleConnection@5614ae05 [delegate=amqp://patrick@101.200.209.136:5672/, localPort= 55549]
2021-01-10 23:22:13.460 INFO  com.patrick.SneakerKillerWebApplication Line:61  - Started SneakerKillerWebApplication in 6.821 seconds (JVM running for 7.544)
2021-01-10 23:22:13.743 INFO  org.apache.catalina.core.ContainerBase.[Tomcat].[localhost].[/] Line:173 - Initializing Spring DispatcherServlet 'dispatcherServlet'
2021-01-10 23:22:13.745 INFO  org.springframework.web.servlet.DispatcherServlet Line:525 - Initializing Servlet 'dispatcherServlet'
2021-01-10 23:22:13.749 INFO  org.springframework.web.servlet.DispatcherServlet Line:547 - Completed initialization in 3 ms
2021-01-10 23:22:13.766 INFO  com.zaxxer.hikari.HikariDataSource Line:110 - HikariPool-1 - Starting...
2021-01-10 23:22:14.186 INFO  com.zaxxer.hikari.HikariDataSource Line:123 - HikariPool-1 - Start completed.
2021-01-10 23:22:32.179 INFO  com.patrick.sneakerkillerweb.controller.LoginController Line:59  - user patrick login
2021-01-10 23:22:37.100 INFO  com.patrick.sneakerkillerservice.config.RabbitMQConfig Line:77  - 消息发送成功:null
2021-01-10 23:22:37.171 INFO  com.patrick.sneakerkillerservice.service.SendMessageService Line:62  - 发送消息:{"itemId":1,"size":"40","userId":2}
2021-01-10 23:23:02.205 INFO  com.patrick.sneakerkillerservice.service.SendMessageService Line:62  - 发送消息:{"itemId":1,"size":"40","userId":2}
2021-01-10 23:23:02.214 INFO  com.patrick.sneakerkillerservice.config.RabbitMQConfig Line:77  - 消息发送成功:null
2021-01-10 23:23:51.326 INFO  org.springframework.amqp.rabbit.listener.SimpleMessageListenerContainer Line:634 - Waiting for workers to finish.
2021-01-10 23:23:51.867 INFO  org.springframework.amqp.rabbit.listener.SimpleMessageListenerContainer Line:637 - Successfully waited for workers to finish.
2021-01-10 23:23:52.113 INFO  org.springframework.amqp.rabbit.listener.SimpleMessageListenerContainer Line:634 - Waiting for workers to finish.
2021-01-10 23:23:52.117 INFO  org.springframework.amqp.rabbit.listener.SimpleMessageListenerContainer Line:637 - Successfully waited for workers to finish.
2021-01-10 23:23:52.555 INFO  org.springframework.amqp.rabbit.listener.SimpleMessageListenerContainer Line:634 - Waiting for workers to finish.
2021-01-10 23:23:52.744 INFO  org.springframework.amqp.rabbit.listener.SimpleMessageListenerContainer Line:637 - Successfully waited for workers to finish.
2021-01-10 23:23:52.818 INFO  org.springframework.amqp.rabbit.listener.SimpleMessageListenerContainer Line:1284 - Shutdown ignored - container is not active already
2021-01-10 23:23:52.818 INFO  org.springframework.amqp.rabbit.listener.SimpleMessageListenerContainer Line:1284 - Shutdown ignored - container is not active already
2021-01-10 23:23:52.818 INFO  org.springframework.amqp.rabbit.listener.SimpleMessageListenerContainer Line:1284 - Shutdown ignored - container is not active already
2021-01-10 23:23:52.825 INFO  org.springframework.scheduling.concurrent.ThreadPoolTaskExecutor Line:218 - Shutting down ExecutorService 'applicationTaskExecutor'
2021-01-10 23:23:52.919 INFO  com.zaxxer.hikari.HikariDataSource Line:350 - HikariPool-1 - Shutdown initiated...
2021-01-10 23:23:52.929 INFO  com.zaxxer.hikari.HikariDataSource Line:352 - HikariPool-1 - Shutdown completed.
